[01m[K/home/ye/package/src/pkg_publisher/src/vel.cpp:4:10:[m[K [01;31m[Kfatal error: [m[Kpose.cpp: æ²¡æœ‰é‚£ä¸ªæ–‡ä»¶æˆ–ç›®å½•
    4 | #include [01;31m[K<pose.cpp>[m[K
      |          [01;31m[K^~~~~~~~~~[m[K
compilation terminated.
make[2]: *** [CMakeFiles/vel.dir/build.make:63ï¼šCMakeFiles/vel.dir/src/vel.cpp.o] é”™è¯¯ 1
make[1]: *** [CMakeFiles/Makefile2:155ï¼šCMakeFiles/vel.dir/all] é”™è¯¯ 2
make: *** [Makefile:141ï¼šall] é”™è¯¯ 2
