[01m[K/home/ye/package/src/pkg_publisher/src/vel.cpp:[m[K In function â€˜[01m[Kint main(int, char**)[m[Kâ€™:
[01m[K/home/ye/package/src/pkg_publisher/src/vel.cpp:19:21:[m[K [01;31m[Kerror: [m[Kredeclaration of â€˜[01m[Kros::NodeHandle n[m[Kâ€™
   19 |     ros::NodeHandle [01;31m[Kn[m[K;
      |                     [01;31m[K^[m[K
[01m[K/home/ye/package/src/pkg_publisher/src/vel.cpp:15:21:[m[K [01;36m[Knote: [m[Kâ€˜[01m[Kros::NodeHandle n[m[Kâ€™ previously declared here
   15 |     ros::NodeHandle [01;36m[Kn[m[K;
      |                     [01;36m[K^[m[K
[01m[K/home/ye/package/src/pkg_publisher/src/vel.cpp:20:25:[m[K [01;31m[Kerror: [m[Kâ€˜[01m[Knh[m[Kâ€™ was not declared in this scope; did you mean â€˜[01m[Kn[m[Kâ€™?
   20 |     ros::Subscriber sub=[01;31m[Knh[m[K.subscribe("/odom", 10, odomCallback);
      |                         [01;31m[K^~[m[K
      |                         [32m[Kn[m[K
[01m[K/home/ye/package/src/pkg_publisher/src/vel.cpp:31:12:[m[K [01;31m[Kerror: [m[Kâ€˜[01m[Kpose[m[Kâ€™ was not declared in this scope
   31 |         if([01;31m[Kpose[m[K.position.x==0.55 && pose.position.y==-0.49)
      |            [01;31m[K^~~~[m[K
make[2]: *** [CMakeFiles/vel.dir/build.make:63ï¼šCMakeFiles/vel.dir/src/vel.cpp.o] é”™è¯¯ 1
make[1]: *** [CMakeFiles/Makefile2:155ï¼šCMakeFiles/vel.dir/all] é”™è¯¯ 2
make: *** [Makefile:141ï¼šall] é”™è¯¯ 2
